<?xml version="1.0" encoding="utf-8"?>
<TestRun id="987af665-208a-431c-98f8-9c2e54764d2b" name="hellothxsorry@HELLOTHXSORRY-P 2023-02-15 16:27:10" runUser="HELLOTHXSORRY-P\hellothxsorry" xmlns="http://microsoft.com/schemas/VisualStudio/TeamTest/2010">
  <Times creation="2023-02-15T16:27:10.7206171+05:00" queuing="2023-02-15T16:27:10.7206177+05:00" start="2023-02-15T16:26:45.4510772+05:00" finish="2023-02-15T16:27:16.4627804+05:00" />
  <TestSettings name="default" id="f57570da-b7e1-4a88-a182-e3455e9f911d">
    <Deployment runDeploymentRoot="hellothxsorry_HELLOTHXSORRY-P_2023-02-15_16_27_10" />
  </TestSettings>
  <Results>
    <UnitTestResult executionId="7312220b-0c14-4e81-aad0-21b31b063e45" testId="2a2c08e5-c4f2-cbb0-9736-d08a108a99a0" testName="PracticalTasks.Tests.SmokeTests.ShouldGenerateTempEmailAddressTests" computerName="HELLOTHXSORRY-P" duration="00:00:05.1923071" startTime="2023-02-15T16:27:15.8625747+05:00" endTime="2023-02-15T16:27:15.8625752+05:00" testType="13cdc9d9-ddb5-4fa4-a97d-d965ccfc6d4b" outcome="Passed" testListId="8c84fa94-04c1-424b-9868-57a2d4851a1d" relativeResultsDirectory="7312220b-0c14-4e81-aad0-21b31b063e45" />
    <UnitTestResult executionId="88427d86-cb8d-4bf4-bf6d-416337391db0" testId="9ab80a79-7307-5610-e79c-a3475ba6bbf1" testName="PracticalTasks.Tests.SmokeTests.ShouldOpenResearchResultsTests" computerName="HELLOTHXSORRY-P" duration="00:00:21.0590598" startTime="2023-02-15T16:27:10.6708167+05:00" endTime="2023-02-15T16:27:10.6708686+05:00" testType="13cdc9d9-ddb5-4fa4-a97d-d965ccfc6d4b" outcome="Passed" testListId="8c84fa94-04c1-424b-9868-57a2d4851a1d" relativeResultsDirectory="88427d86-cb8d-4bf4-bf6d-416337391db0" />
  </Results>
  <TestDefinitions>
    <UnitTest name="PracticalTasks.Tests.SmokeTests.ShouldGenerateTempEmailAddressTests" storage="c:\users\hellothxsorry\source\repos\practicaltasks\practicaltasks\bin\debug\net6.0\practicaltasks.dll" id="2a2c08e5-c4f2-cbb0-9736-d08a108a99a0">
      <Execution id="7312220b-0c14-4e81-aad0-21b31b063e45" />
      <TestMethod codeBase="C:\Users\hellothxsorry\source\repos\PracticalTasks\PracticalTasks\bin\Debug\net6.0\PracticalTasks.dll" adapterTypeName="executor://xunit/VsTestRunner2/netcoreapp" className="PracticalTasks.Tests.SmokeTests" name="ShouldGenerateTempEmailAddressTests" />
    </UnitTest>
    <UnitTest name="PracticalTasks.Tests.SmokeTests.ShouldOpenResearchResultsTests" storage="c:\users\hellothxsorry\source\repos\practicaltasks\practicaltasks\bin\debug\net6.0\practicaltasks.dll" id="9ab80a79-7307-5610-e79c-a3475ba6bbf1">
      <Execution id="88427d86-cb8d-4bf4-bf6d-416337391db0" />
      <TestMethod codeBase="C:\Users\hellothxsorry\source\repos\PracticalTasks\PracticalTasks\bin\Debug\net6.0\PracticalTasks.dll" adapterTypeName="executor://xunit/VsTestRunner2/netcoreapp" className="PracticalTasks.Tests.SmokeTests" name="ShouldOpenResearchResultsTests" />
    </UnitTest>
  </TestDefinitions>
  <TestEntries>
    <TestEntry testId="2a2c08e5-c4f2-cbb0-9736-d08a108a99a0" executionId="7312220b-0c14-4e81-aad0-21b31b063e45" testListId="8c84fa94-04c1-424b-9868-57a2d4851a1d" />
    <TestEntry testId="9ab80a79-7307-5610-e79c-a3475ba6bbf1" executionId="88427d86-cb8d-4bf4-bf6d-416337391db0" testListId="8c84fa94-04c1-424b-9868-57a2d4851a1d" />
  </TestEntries>
  <TestLists>
    <TestList name="Results Not in a List" id="8c84fa94-04c1-424b-9868-57a2d4851a1d" />
    <TestList name="All Loaded Results" id="19431567-8539-422a-85d7-44ee4e166bda" />
  </TestLists>
  <ResultSummary outcome="Completed">
    <Counters total="2" executed="2" passed="2" failed="0" error="0" timeout="0" aborted="0" inconclusive="0" passedButRunAborted="0" notRunnable="0" notExecuted="0" disconnected="0" warning="0" completed="0" inProgress="0" pending="0" />
    <Output>
      <StdOut>[xUnit.net 00:00:00.00] xUnit.net VSTest Adapter v2.4.5+1caef2f33e (64-bit .NET 6.0.7)&#xD;
[xUnit.net 00:00:01.43]   Discovering: PracticalTasks&#xD;
[xUnit.net 00:00:01.49]   Discovered:  PracticalTasks&#xD;
[xUnit.net 00:00:01.50]   Starting:    PracticalTasks&#xD;
[xUnit.net 00:00:29.82]   Finished:    PracticalTasks&#xD;
</StdOut>
    </Output>
  </ResultSummary>
</TestRun>